<?xml version="1.0" encoding="UTF-8"?>
<testng-results ignored="0" total="3" passed="2" failed="1" skipped="0">
  <reporter-output>
  </reporter-output>
  <suite started-at="2024-03-30T04:41:36 IST" name="Suite" finished-at="2024-03-30T04:42:18 IST" duration-ms="41798">
    <groups>
    </groups>
    <test started-at="2024-03-30T04:41:36 IST" name="Test" finished-at="2024-03-30T04:42:18 IST" duration-ms="41798">
      <class name="testCases.TC_CreateAccount_001">
        <test-method is-config="true" signature="preCondition()[pri:0, instance:testCases.TC_CreateAccount_001@4135c3b]" started-at="2024-03-30T04:41:36 IST" name="preCondition" finished-at="2024-03-30T04:41:45 IST" duration-ms="9010" status="PASS">
          <reporter-output>
          </reporter-output>
        </test-method> <!-- preCondition -->
        <test-method signature="createAccount()[pri:2, instance:testCases.TC_CreateAccount_001@4135c3b]" started-at="2024-03-30T04:41:45 IST" name="createAccount" finished-at="2024-03-30T04:42:17 IST" duration-ms="32666" status="FAIL">
          <exception class="org.openqa.selenium.NoSuchElementException">
            <message>
              <![CDATA[no such element: Unable to locate element: {"method":"xpath","selector":"//a[text()='Create Account']"}
  (Session info: chrome=123.0.6312.59)
For documentation on this error, please visit: https://www.selenium.dev/documentation/webdriver/troubleshooting/errors#no-such-element-exception
Build info: version: '4.13.0', revision: 'ba948ece5b*'
System info: os.name: 'Windows 10', os.arch: 'amd64', os.version: '10.0', java.version: '16.0.1'
Driver info: org.openqa.selenium.chrome.ChromeDriver
Command: [106dad395b45a5735859ed424da7efcb, findElement {using=xpath, value=//a[text()='Create Account']}]
Capabilities {acceptInsecureCerts: false, browserName: chrome, browserVersion: 123.0.6312.59, chrome: {chromedriverVersion: 123.0.6312.86 (9b72c47a0536..., userDataDir: C:\Users\ahass\AppData\Loca...}, fedcm:accounts: true, goog:chromeOptions: {debuggerAddress: localhost:56740}, networkConnectionEnabled: false, pageLoadStrategy: normal, platformName: windows, proxy: Proxy(), se:cdp: ws://localhost:56740/devtoo..., se:cdpVersion: 123.0.6312.59, setWindowRect: true, strictFileInteractability: false, timeouts: {implicit: 0, pageLoad: 300000, script: 30000}, unhandledPromptBehavior: dismiss and notify, webauthn:extension:credBlob: true, webauthn:extension:largeBlob: true, webauthn:extension:minPinLength: true, webauthn:extension:prf: true, webauthn:virtualAuthenticators: true}
Session ID: 106dad395b45a5735859ed424da7efcb]]>
            </message>
            <full-stacktrace>
              <![CDATA[org.openqa.selenium.NoSuchElementException: no such element: Unable to locate element: {"method":"xpath","selector":"//a[text()='Create Account']"}
  (Session info: chrome=123.0.6312.59)
For documentation on this error, please visit: https://www.selenium.dev/documentation/webdriver/troubleshooting/errors#no-such-element-exception
Build info: version: '4.13.0', revision: 'ba948ece5b*'
System info: os.name: 'Windows 10', os.arch: 'amd64', os.version: '10.0', java.version: '16.0.1'
Driver info: org.openqa.selenium.chrome.ChromeDriver
Command: [106dad395b45a5735859ed424da7efcb, findElement {using=xpath, value=//a[text()='Create Account']}]
Capabilities {acceptInsecureCerts: false, browserName: chrome, browserVersion: 123.0.6312.59, chrome: {chromedriverVersion: 123.0.6312.86 (9b72c47a0536..., userDataDir: C:\Users\ahass\AppData\Loca...}, fedcm:accounts: true, goog:chromeOptions: {debuggerAddress: localhost:56740}, networkConnectionEnabled: false, pageLoadStrategy: normal, platformName: windows, proxy: Proxy(), se:cdp: ws://localhost:56740/devtoo..., se:cdpVersion: 123.0.6312.59, setWindowRect: true, strictFileInteractability: false, timeouts: {implicit: 0, pageLoad: 300000, script: 30000}, unhandledPromptBehavior: dismiss and notify, webauthn:extension:credBlob: true, webauthn:extension:largeBlob: true, webauthn:extension:minPinLength: true, webauthn:extension:prf: true, webauthn:virtualAuthenticators: true}
Session ID: 106dad395b45a5735859ed424da7efcb
at java.base/jdk.internal.reflect.NativeConstructorAccessorImpl.newInstance0(Native Method)
at java.base/jdk.internal.reflect.NativeConstructorAccessorImpl.newInstance(NativeConstructorAccessorImpl.java:78)
at java.base/jdk.internal.reflect.DelegatingConstructorAccessorImpl.newInstance(DelegatingConstructorAccessorImpl.java:45)
at java.base/java.lang.reflect.Constructor.newInstanceWithCaller(Constructor.java:499)
at java.base/java.lang.reflect.Constructor.newInstance(Constructor.java:480)
at org.openqa.selenium.remote.codec.w3c.W3CHttpResponseCodec.createException(W3CHttpResponseCodec.java:200)
at org.openqa.selenium.remote.codec.w3c.W3CHttpResponseCodec.decode(W3CHttpResponseCodec.java:133)
at org.openqa.selenium.remote.codec.w3c.W3CHttpResponseCodec.decode(W3CHttpResponseCodec.java:52)
at org.openqa.selenium.remote.HttpCommandExecutor.execute(HttpCommandExecutor.java:191)
at org.openqa.selenium.remote.service.DriverCommandExecutor.invokeExecute(DriverCommandExecutor.java:196)
at org.openqa.selenium.remote.service.DriverCommandExecutor.execute(DriverCommandExecutor.java:171)
at org.openqa.selenium.remote.RemoteWebDriver.execute(RemoteWebDriver.java:602)
at org.openqa.selenium.remote.ElementLocation$ElementFinder$2.findElement(ElementLocation.java:165)
at org.openqa.selenium.remote.ElementLocation.findElement(ElementLocation.java:59)
at org.openqa.selenium.remote.RemoteWebDriver.findElement(RemoteWebDriver.java:359)
at org.openqa.selenium.remote.RemoteWebDriver.findElement(RemoteWebDriver.java:353)
at webPages.WelcomePage.clickCreateAccount(WelcomePage.java:26)
at testCases.TC_CreateAccount_001.createAccount(TC_CreateAccount_001.java:17)
at java.base/jdk.internal.reflect.NativeMethodAccessorImpl.invoke0(Native Method)
at java.base/jdk.internal.reflect.NativeMethodAccessorImpl.invoke(NativeMethodAccessorImpl.java:78)
at java.base/jdk.internal.reflect.DelegatingMethodAccessorImpl.invoke(DelegatingMethodAccessorImpl.java:43)
at java.base/java.lang.reflect.Method.invoke(Method.java:567)
at org.testng.internal.MethodInvocationHelper.invokeMethod(MethodInvocationHelper.java:133)
at org.testng.internal.TestInvoker.invokeMethod(TestInvoker.java:598)
at org.testng.internal.TestInvoker.invokeTestMethod(TestInvoker.java:173)
at org.testng.internal.MethodRunner.runInSequence(MethodRunner.java:46)
at org.testng.internal.TestInvoker$MethodInvocationAgent.invoke(TestInvoker.java:824)
at org.testng.internal.TestInvoker.invokeTestMethods(TestInvoker.java:146)
at org.testng.internal.TestMethodWorker.invokeTestMethods(TestMethodWorker.java:146)
at org.testng.internal.TestMethodWorker.run(TestMethodWorker.java:128)
at java.base/java.util.concurrent.ThreadPoolExecutor.runWorker(ThreadPoolExecutor.java:1130)
at java.base/java.util.concurrent.ThreadPoolExecutor$Worker.run(ThreadPoolExecutor.java:630)
at java.base/java.lang.Thread.run(Thread.java:831)
]]>
            </full-stacktrace>
          </exception> <!-- org.openqa.selenium.NoSuchElementException -->
          <reporter-output>
          </reporter-output>
        </test-method> <!-- createAccount -->
        <test-method is-config="true" signature="postCondition()[pri:0, instance:testCases.TC_CreateAccount_001@4135c3b]" started-at="2024-03-30T04:42:17 IST" name="postCondition" finished-at="2024-03-30T04:42:18 IST" duration-ms="92" status="PASS">
          <reporter-output>
          </reporter-output>
        </test-method> <!-- postCondition -->
      </class> <!-- testCases.TC_CreateAccount_001 -->
      <class name="testCases.TC_Login_001">
        <test-method is-config="true" signature="preCondition()[pri:0, instance:testCases.TC_Login_001@49ec71f8]" started-at="2024-03-30T04:41:36 IST" name="preCondition" finished-at="2024-03-30T04:41:45 IST" duration-ms="8959" status="PASS">
          <reporter-output>
          </reporter-output>
        </test-method> <!-- preCondition -->
        <test-method signature="login()[pri:0, instance:testCases.TC_Login_001@49ec71f8]" started-at="2024-03-30T04:41:45 IST" name="login" finished-at="2024-03-30T04:41:46 IST" duration-ms="1309" status="PASS">
          <reporter-output>
          </reporter-output>
        </test-method> <!-- login -->
        <test-method is-config="true" signature="postCondition()[pri:0, instance:testCases.TC_Login_001@49ec71f8]" started-at="2024-03-30T04:41:46 IST" name="postCondition" finished-at="2024-03-30T04:41:46 IST" duration-ms="132" status="PASS">
          <reporter-output>
          </reporter-output>
        </test-method> <!-- postCondition -->
      </class> <!-- testCases.TC_Login_001 -->
      <class name="testCases.TC_Logout_001">
        <test-method is-config="true" signature="preCondition()[pri:0, instance:testCases.TC_Logout_001@6302bbb1]" started-at="2024-03-30T04:41:36 IST" name="preCondition" finished-at="2024-03-30T04:41:45 IST" duration-ms="8927" status="PASS">
          <reporter-output>
          </reporter-output>
        </test-method> <!-- preCondition -->
        <test-method signature="logout()[pri:1, instance:testCases.TC_Logout_001@6302bbb1]" started-at="2024-03-30T04:41:45 IST" name="logout" finished-at="2024-03-30T04:41:47 IST" duration-ms="1873" status="PASS">
          <reporter-output>
          </reporter-output>
        </test-method> <!-- logout -->
        <test-method is-config="true" signature="postCondition()[pri:0, instance:testCases.TC_Logout_001@6302bbb1]" started-at="2024-03-30T04:41:47 IST" name="postCondition" finished-at="2024-03-30T04:41:47 IST" duration-ms="131" status="PASS">
          <reporter-output>
          </reporter-output>
        </test-method> <!-- postCondition -->
      </class> <!-- testCases.TC_Logout_001 -->
    </test> <!-- Test -->
  </suite> <!-- Suite -->
</testng-results>
